[nltk_data] Downloading package stopwords to /home/kc3585/nltk_data...
[nltk_data]   Package stopwords is already up-to-date!
[nltk_data] Downloading package punkt to /home/kc3585/nltk_data...
[nltk_data]   Package punkt is already up-to-date!
Clear
Start, End Index: -1 -1
Phrase within text, Book Title: Flower Fables False False
Clear
Clear
Clear
Clear
Start, End Index: -1 -1
Phrase within text, Book Title: Rose in Bloom False False
Clear
Clear
Clear
Start, End Index: -1 -1
Phrase within text, Book Title: Old Mother West Wind False False
Start, End Index: -1 -1
Phrase within text, Book Title: Little Lord Fauntleroy False False
Clear
Clear
Clear
Clear
Clear
Clear
Start, End Index: -1 -1
Phrase within text, Book Title: The Yellow Fairy Book False False
Clear
Clear
Clear
Clear
Start, End Index: -1 -1
Phrase within text, Book Title: Chronicles of Avonlea False False
Clear
Start, End Index: -1 -1
Phrase within text, Book Title: Kilmeny of the Orchard False False
Start, End Index: -1 -1
Phrase within text, Book Title: Rainbow Valley False False
Start, End Index: -1 -1
Phrase within text, Book Title: The Story Girl False False
Start, End Index: -1 -1
Phrase within text, Book Title: The Phoenix and the Carpet False False
Start, End Index: -1 -1
Phrase within text, Book Title: The Railway Children False False
Clear
Start, End Index: -1 -1
Phrase within text, Book Title: The Black Arrow False False
Clear
Clear
Clear
Clear
Clear
Clear
Clear
Clear
Clear
Clear
Clear
Clear
Clear
Clear
Clear
Clear
Start, End Index: -1 -1
Phrase within text, Book Title: The Prisoner of Zenda False False
Clear
Clear
Clear
Clear
Clear
Clear
Start, End Index: -1 -1
Phrase within text, Book Title: The Black Arrow False False
Clear
Start, End Index: -1 -1
Phrase within text, Book Title: Around the World in Eighty Days False False
Clear
Clear
Clear
Clear
Clear
Clear
Start, End Index: -1 -1
Phrase within text, Book Title: The Mystery of Edwin Drood False False
Clear
Clear
Start, End Index: -1 -1
Phrase within text, Book Title: The Thirty-Nine Steps False False
Start, End Index: -1 -1
Phrase within text, Book Title: Greenmantle False False
Start, End Index: -1 -1
Phrase within text, Book Title: Wuthering Heights False False
Clear
Clear
Clear
Start, End Index: -1 -1
Phrase within text, Book Title: Tarzan of the Apes False False
Clear
Clear
Clear
Clear
Clear
Start, End Index: -1 -1
Phrase within text, Book Title: King Solomon's Mines False False
Clear
Clear
Clear
Clear
Clear
Clear
Clear
Start, End Index: -1 -1
Phrase within text, Book Title: The Scarlet Pimpernel False False
Clear
Clear
Clear
Start, End Index: -1 -1
Phrase within text, Book Title: Kidnapped False False
Clear
Clear
Clear
Clear
Start, End Index: -1 -1
Phrase within text, Book Title: Twenty Thousand Leagues Under the Sea False False
Clear
Start, End Index: -1 -1
Phrase within text, Book Title: The Invisible Man False False
Clear
Clear
Clear
Clear
Clear
Clear
Clear
Start, End Index: -1 -1
Phrase within text, Book Title: Twenty Thousand Leagues Under the Sea False False
Clear
Clear
Clear
Clear
Clear
Clear
Number of Texts in Grade: 1 5
Number of Texts in Grade: 2 6
Number of Texts in Grade: 3 3
Number of Texts in Grade: 4 11
Number of Texts in Grade: 5 18
Number of Texts in Grade: 6 8
Number of Texts in Grade: 7 10
Number of Texts in Grade: 8 13
Number of Texts in Grade: 9 7
Number of Texts in Grade: 10 4
Number of Texts in Grade: 11 2
